[2024-7-26] - 2.4.1
    - 修复 : 将ssh连接时的命令行字符编码修正为UTF-8


[2024-7-12] - 2.4
    - 功能新增 : 增加 set-emmc 指令, 方便烧录与擦除板载emmc
    - 功能优化 : 优化 【开机运行/boot/start路径下脚本文件】 的功能。现在所有文件会同时运行，不再因为某个文件阻塞影响其他文件
    - 修复 : 现在 adafruit-blinka 可以正常使用软件pwm功能了

[2024-5-30] - 2.3
    - 功能优化 : 优化gpio指令,去除wiringpi编号,改为使用排针编号
    - 功能优化 : 新增C语言版gpio库,使用排针编号来控制

[2024-4-29] - 2.2.1
    - 修复 : 个别板子在开机时温升过快，容易触发高温保护强制关机

[2024-4-11] - 2.2.0
    - 修复 : 一些软件包之间的文件冲突，之前版本中会导致一些软件包更新失败
    - 功能新增 : 基于initramfs的开机logo显示
    - 功能新增 : 开机时自动运行 /boot/start 路径下的脚本

[2024-1-18] - 2.1.0
    - set-lcd 优化运行时的警告
    - set-lcd 增加对一款1.54寸屏幕的支持

[2023-12-26] - 2.0.0
    - 初版
